c[?7l[2J[0mSeaBIOS (version 1.15.0-1)


iPXE (https://ipxe.org) 00:03.0 CA00 PCI2.10 PnP PMM+07F8B340+07ECB340 CA00
Press Ctrl-B to configure iPXE (PCI 00:03.0)...                                                                               


Booting from ROM..=== Bienvenue dans AI-OS v4.0 ===
Systeme complet avec espace utilisateur

Multiboot detecte correctement.
Initialisation des interruptions...
Initialisation du systeme d'interruptions...
Systeme d'interruptions initialise.
Interruptions initialisees.
Initialisation de la gestion memoire...
Physical Memory Manager initialise.
Virtual Memory Manager initialise.
Initrd trouve ! Initialisation...
Parsing initrd TAR archive...
Initrd initialized: 6 files found
Initialisation du systeme de taches...
Initialisation du systeme de taches...
Tache kernel creee avec ID 0
Initialisation des appels systeme...
Initialisation des appels systeme...
Appels systeme initialises.
Creation des taches kernel de demonstration...
Nouvelle tache creee avec ID 1
Nouvelle tache creee avec ID 2
Nouvelle tache creee avec ID 3
Initialisation du timer systeme...
Initialisation du timer systeme...
c[?7l[2J[0mSeaBIOS (version 1.15.0-1)


iPXE (https://ipxe.org) 00:03.0 CA00 PCI2.10 PnP PMM+07F8B340+07ECB340 CA00
Press Ctrl-B to configure iPXE (PCI 00:03.0)...                                                                               


Booting from ROM..=== Bienvenue dans AI-OS v4.0 ===
Systeme complet avec espace utilisateur

Multiboot detecte correctement.
Initialisation des interruptions...
Initialisation du systeme d'interruptions...
Systeme d'interruptions initialise.
Interruptions initialisees.
Initialisation de la gestion memoire...
Physical Memory Manager initialise.
Virtual Memory Manager initialise.
Initrd trouve ! Initialisation...
Parsing initrd TAR archive...
Initrd initialized: 6 files found
Initialisation du systeme de taches...
Initialisation du systeme de taches...
Tache kernel creee avec ID 0
Initialisation des appels systeme...
Initialisation des appels systeme...
Appels systeme initialises.
Creation des taches kernel de demonstration...
Nouvelle tache creee avec ID 1
Nouvelle tache creee avec ID 2
Nouvelle tache creee avec ID 3
Initialisation du timer systeme...
Initialisation du timer systeme...
c[?7l[2J[0mSeaBIOS (version 1.15.0-1)


iPXE (https://ipxe.org) 00:03.0 CA00 PCI2.10 PnP PMM+07F8B340+07ECB340 CA00
Press Ctrl-B to configure iPXE (PCI 00:03.0)...                                                                               


Booting from ROM..=== Bienvenue dans AI-OS v4.0 ===
Systeme complet avec espace utilisateur

Multiboot detecte correctement.
Initialisation des interruptions...
Initialisation du systeme d'interruptions...
Systeme d'interruptions initialise.
Interruptions initialisees.
Initialisation de la gestion memoire...
Physical Memory Manager initialise.
Virtual Memory Manager initialise.
Initrd trouve ! Initialisation...
Parsing initrd TAR archive...
Initrd initialized: 6 files found
Initialisation du systeme de taches...
Initialisation du systeme de taches...
Tache kernel creee avec ID 0
Initialisation des appels systeme...
Initialisation des appels systeme...
Appels systeme initialises.
Creation des taches kernel de demonstration...
Nouvelle tache creee avec ID 1
Nouvelle tache creee avec ID 2
Nouvelle tache creee avec ID 3
Initialisation du timer systeme...
Initialisation du timer systeme...
c[?7l[2J[0mSeaBIOS (version 1.15.0-1)


iPXE (https://ipxe.org) 00:03.0 CA00 PCI2.10 PnP PMM+07F8B340+07ECB340 CA00
Press Ctrl-B to configure iPXE (PCI 00:03.0)...                                                                               


Booting from ROM..=== Bienvenue dans AI-OS v4.0 ===
Systeme complet avec espace utilisateur

Multiboot detecte correctement.
Initialisation des interruptions...
Initialisation du systeme d'interruptions...
Systeme d'interruptions initialise.
Interruptions initialisees.
Initialisation de la gestion memoire...
Physical Memory Manager initialise.
Virtual Memory Manager initialise.
Initrd trouve ! Initialisation...
Parsing initrd TAR archive...
Initrd initialized: 6 files found
Initialisation du systeme de taches...
Initialisation du systeme de taches...
Tache kernel creee avec ID 0
Initialisation des appels systeme...
Initialisation des appels systeme...
Appels systeme initialises.
Creation des taches kernel de demonstration...
Nouvelle tache creee avec ID 1
Nouvelle tache creee avec ID 2
Nouvelle tache creee avec ID 3
Initialisation du timer systeme...
Initialisation du timer systeme...
c[?7l[2J[0mSeaBIOS (version 1.15.0-1)


iPXE (https://ipxe.org) 00:03.0 CA00 PCI2.10 PnP PMM+07F8B340+07ECB340 CA00
Press Ctrl-B to configure iPXE (PCI 00:03.0)...                                                                               


Booting from ROM..=== Bienvenue dans AI-OS v4.0 ===
Systeme complet avec espace utilisateur

Multiboot detecte correctement.
Initialisation des interruptions...
Initialisation du systeme d'interruptions...
Systeme d'interruptions initialise.
Interruptions initialisees.
Initialisation de la gestion memoire...
Physical Memory Manager initialise.
Virtual Memory Manager initialise.
Initrd trouve ! Initialisation...
Parsing initrd TAR archive...
Initrd initialized: 6 files found
Initialisation du systeme de taches...
Initialisation du systeme de taches...
Tache kernel creee avec ID 0
Initialisation des appels systeme...
Initialisation des appels systeme...
Appels systeme initialises.
Creation des taches kernel de demonstration...
Nouvelle tache creee avec ID 1
Nouvelle tache creee avec ID 2
Nouvelle tache creee avec ID 3
Initialisation du timer systeme...
Initialisation du timer systeme...
c[?7l[2J[0mSeaBIOS (version 1.15.0-1)


iPXE (https://ipxe.org) 00:03.0 CA00 PCI2.10 PnP PMM+07F8B340+07ECB340 CA00
Press Ctrl-B to configure iPXE (PCI 00:03.0)...                                                                               


Booting from ROM..=== Bienvenue dans AI-OS v4.0 ===
Systeme complet avec espace utilisateur

Multiboot detecte correctement.
Initialisation des interruptions...
Initialisation du systeme d'interruptions...
Systeme d'interruptions initialise.
Interruptions initialisees.
Initialisation de la gestion memoire...
Physical Memory Manager initialise.
Virtual Memory Manager initialise.
Initrd trouve ! Initialisation...
Parsing initrd TAR archive...
Initrd initialized: 6 files found
Initialisation du systeme de taches...
Initialisation du systeme de taches...
Tache kernel creee avec ID 0
Initialisation des appels systeme...
Initialisation des appels systeme...
Appels systeme initialises.
Creation des taches kernel de demonstration...
Nouvelle tache creee avec ID 1
Nouvelle tache creee avec ID 2
Nouvelle tache creee avec ID 3
Initialisation du timer systeme...
Initialisation du timer systeme...
c[?7l[2J[0mSeaBIOS (version 1.15.0-1)


iPXE (https://ipxe.org) 00:03.0 CA00 PCI2.10 PnP PMM+07F8B340+07ECB340 CA00
Press Ctrl-B to configure iPXE (PCI 00:03.0)...                                                                               


Booting from ROM..=== Bienvenue dans AI-OS v4.0 ===
Systeme complet avec espace utilisateur

Multiboot detecte correctement.
Initialisation des interruptions...
Initialisation du systeme d'interruptions...
Systeme d'interruptions initialise.
Interruptions initialisees.
Initialisation de la gestion memoire...
Physical Memory Manager initialise.
Virtual Memory Manager initialise.
Initrd trouve ! Initialisation...
Parsing initrd TAR archive...
Initrd initialized: 6 files found
Initialisation du systeme de taches...
Initialisation du systeme de taches...
Tache kernel creee avec ID 0
Initialisation des appels systeme...
Initialisation des appels systeme...
Appels systeme initialises.
Creation des taches kernel de demonstration...
Nouvelle tache creee avec ID 1
Nouvelle tache creee avec ID 2
Nouvelle tache creee avec ID 3
Initialisation du timer systeme...
Initialisation du timer systeme...
c[?7l[2J[0mSeaBIOS (version 1.15.0-1)


iPXE (https://ipxe.org) 00:03.0 CA00 PCI2.10 PnP PMM+07F8B340+07ECB340 CA00
Press Ctrl-B to configure iPXE (PCI 00:03.0)...                                                                               


Booting from ROM..=== Bienvenue dans AI-OS v4.0 ===
Systeme complet avec espace utilisateur

Multiboot detecte correctement.
Initialisation des interruptions...
Initialisation du systeme d'interruptions...
Systeme d'interruptions initialise.
Interruptions initialisees.
Initialisation de la gestion memoire...
Physical Memory Manager initialise.
Virtual Memory Manager initialise.
Initrd trouve ! Initialisation...
Parsing initrd TAR archive...
Initrd initialized: 6 files found
Initialisation du systeme de taches...
Initialisation du systeme de taches...
Tache kernel creee avec ID 0
Initialisation des appels systeme...
Initialisation des appels systeme...
Appels systeme initialises.
Creation des taches kernel de demonstration...
Nouvelle tache creee avec ID 1
Nouvelle tache creee avec ID 2
Nouvelle tache creee avec ID 3
Initialisation du timer systeme...
Initialisation du timer systeme...
c[?7l[2J[0mSeaBIOS (version 1.15.0-1)


iPXE (https://ipxe.org) 00:03.0 CA00 PCI2.10 PnP PMM+07F8B340+07ECB340 CA00
Press Ctrl-B to configure iPXE (PCI 00:03.0)...                                                                               


Booting from ROM..=== Bienvenue dans AI-OS v4.0 ===
Systeme complet avec espace utilisateur

Multiboot detecte correctement.
Initialisation des interruptions...
Initialisation du systeme d'interruptions...
Systeme d'interruptions initialise.
Interruptions initialisees.
Initialisation de la gestion memoire...
Physical Memory Manager initialise.
Virtual Memory Manager initialise.
Initrd trouve ! Initialisation...
Parsing initrd TAR archive...
Initrd initialized: 6 files found
Initialisation du systeme de taches...
Initialisation du systeme de taches...
Tache kernel creee avec ID 0
Initialisation des appels systeme...
Initialisation des appels systeme...
Appels systeme initialises.
Creation des taches kernel de demonstration...
Nouvelle tache creee avec ID 1
Nouvelle tache creee avec ID 2
Nouvelle tache creee avec ID 3
Initialisation du timer systeme...
Initialisation du timer systeme...
c[?7l[2J[0mSeaBIOS (version 1.15.0-1)


iPXE (https://ipxe.org) 00:03.0 CA00 PCI2.10 PnP PMM+07F8B340+07ECB340 CA00
Press Ctrl-B to configure iPXE (PCI 00:03.0)...                                                                               


Booting from ROM..=== Bienvenue dans AI-OS v4.0 ===
Systeme complet avec espace utilisateur

Multiboot detecte correctement.
Initialisation des interruptions...
Initialisation du systeme d'interruptions...
Systeme d'interruptions initialise.
Interruptions initialisees.
Initialisation de la gestion memoire...
Physical Memory Manager initialise.
Virtual Memory Manager initialise.
Initrd trouve ! Initialisation...
Parsing initrd TAR archive...
Initrd initialized: 6 files found
Initialisation du systeme de taches...
Initialisation du systeme de taches...
Tache kernel creee avec ID 0
Initialisation des appels systeme...
Initialisation des appels systeme...
Appels systeme initialises.
Creation des taches kernel de demonstration...
Nouvelle tache creee avec ID 1
Nouvelle tache creee avec ID 2
Nouvelle tache creee avec ID 3
Initialisation du timer systeme...
Initialisation du timer systeme...
c[?7l[2J[0mSeaBIOS (version 1.15.0-1)


iPXE (https://ipxe.org) 00:03.0 CA00 PCI2.10 PnP PMM+07F8B340+07ECB340 CA00
Press Ctrl-B to configure iPXE (PCI 00:03.0)...                                                                               


Booting from ROM..=== Bienvenue dans AI-OS v4.0 ===
Systeme complet avec espace utilisateur

Multiboot detecte correctement.
Initialisation des interruptions...
Initialisation du systeme d'interruptions...
Systeme d'interruptions initialise.
Interruptions initialisees.
Initialisation de la gestion memoire...
Physical Memory Manager initialise.
Virtual Memory Manager initialise.
Initrd trouve ! Initialisation...
Parsing initrd TAR archive...
Initrd initialized: 6 files found
Initialisation du systeme de taches...
Initialisation du systeme de taches...
Tache kernel creee avec ID 0
Initialisation des appels systeme...
Initialisation des appels systeme...
Appels systeme initialises.
Creation des taches kernel de demonstration...
Nouvelle tache creee avec ID 1
Nouvelle tache creee avec ID 2
Nouvelle tache creee avec ID 3
Initialisation du timer systeme...
Initialisation du timer systeme...
c[?7l[2J[0mSeaBIOS (version 1.15.0-1)


iPXE (https://ipxe.org) 00:03.0 CA00 PCI2.10 PnP PMM+07F8B340+07ECB340 CA00
Press Ctrl-B to configure iPXE (PCI 00:03.0)...                                                                               


Booting from ROM..=== Bienvenue dans AI-OS v4.0 ===
Systeme complet avec espace utilisateur

Multiboot detecte correctement.
Initialisation des interruptions...
Initialisation du systeme d'interruptions...
Systeme d'interruptions initialise.
Interruptions initialisees.
Initialisation de la gestion memoire...
Physical Memory Manager initialise.
Virtual Memory Manager initialise.
Initrd trouve ! Initialisation...
Parsing initrd TAR archive...
Initrd initialized: 6 files found
Initialisation du systeme de taches...
Initialisation du systeme de taches...
Tache kernel creee avec ID 0
Initialisation des appels systeme...
Initialisation des appels systeme...
Appels systeme initialises.
Creation des taches kernel de demonstration...
Nouvelle tache creee avec ID 1
Nouvelle tache creee avec ID 2
Nouvelle tache creee avec ID 3
Initialisation du timer systeme...
Initialisation du timer systeme...
Timer configure pour 100 Hz
Recherche du programme utilisateur...
Aucun programme utilisateur trouve dans l'initrd

=== Systeme AI-OS v4.0 pret ===
Fonctionnalites disponibles:
- Gestion des interruptions et clavier
- Gestionnaire de memoire physique et virtuelle
- Systeme de fichiers initrd (format TAR)
- Multitache preemptif avec ordonnancement
- Timer systeme pour le scheduling
- Appels systeme (syscalls)
- Chargeur ELF pour programmes utilisateur
- Separation kernel/user space (Ring 0/3)

Observez le coin inferieur droit pour voir
les taches s'executer en parallele!
Le programme utilisateur s'execute aussi!
