ld -m elf_i386 -T linker.ld -o build/ai_os.bin --start-group build/boot.o build/idt_loader.o build/isr_stubs.o build/paging.o build/context_switch.o build/userspace_switch.o build/string.o build/pmm.o build/heap.o build/gdt_asm.o build/gdt.o build/idt.o build/vmm.o build/task.o build/syscall.o build/elf.o build/initrd.o build/interrupts.o build/keyboard.o build/timer.o build/multiboot.o build/kernel.o build/kbd_buffer.o --end-group
[mkinitrd] Création de l'initrd AI-OS v5.0...
[mkinitrd] Packed executables into my_initrd.tar
=== Mode NOGRAPHIC - Clavier peut être limité ===
Utilisez 'make run' pour le mode console optimal
qemu-system-i386 -kernel build/ai_os.bin -initrd my_initrd.tar \
	-nographic \
	-m 128M \
	-no-reboot -no-shutdown
c[?7l[2J[0mSeaBIOS (version 1.16.3-debian-1.16.3-2)


iPXE (https://ipxe.org) 00:03.0 CA00 PCI2.10 PnP PMM+06FCAE00+06F0AE00 CA00
Press Ctrl-B to configure iPXE (PCI 00:03.0)...


Booting from ROM..=== Bienvenue dans AI-OS v4.0 ===
Systeme complet avec espace utilisateur

Multiboot detecte correctement.
=== Initialisation systeme interruptions ===
Etape 1: IDT...
Etape 2: PIC et handlers...
=== INITIALISATION SYSTEME INTERRUPTIONS ===
Step 1: Interruptions CPU désactivées
Step 2: Handlers d'exceptions installés
Step 3: Table des handlers initialisée
Step 4: Remapping du PIC...
PIC: Début du remappage...
PIC: Masques sauvegardés
PIC: ICW1 envoyé
PIC: ICW2 envoyé (offsets: PIC1=32, PIC2=40)
PIC: ICW3 envoyé (cascade configurée)
PIC: ICW4 envoyé (mode 8086)
PIC: Masques configurés - IRQ0/IRQ1 activées
PIC: Remappage terminé avec succès
Step 4: PIC remappé avec succès
Step 5: Enregistrement des handlers IRQ...
Step 5: Handlers IRQ enregistrés
Step 6: Configuration des entrées IDT...
Step 6: Entrées IDT configurées
Step 7: Diagnostic PIC...
=== DIAGNOSTIC PIC ===
PIC1 mask: 0b11111100 (0xFC)
IRQ0 (timer): ENABLED
IRQ1 (keyboard): ENABLED
======================
Step 8: Activation forcée des IRQ critiques...
Masque PIC final: 0xFC
Step 9: Activation des interruptions CPU...
Step 10: Test des interruptions...
=== SYSTEME INTERRUPTIONS PRET ===
IRQ0 (timer): activé
IRQ1 (keyboard): activé
Interruptions CPU: activées
=====================================
Etape 3: Clavier PS/2 (interruptions temporairement desactivees)...
=== KEYBOARD HYBRID INIT (FIXED) ===
Phase 1: Nettoyage initial...
Phase 2: Configuration QEMU...
Phase 2: Configuration PS/2 renforcée...
Configuration actuelle: 0x71
Nouvelle configuration: 0x41
Phase 2: Configuration PS/2 Set 1 appliquée
Phase 2: Port 1 réactivé
Phase 3: Configuration périphérique...
Phase 3: Scanning activé
Phase 4: Finalisation...
=== KEYBOARD INIT COMPLETE ===
Mode: Interruption + Polling Fallback
Compatible: Console et GUI
Ready for input!
===============================
KBD_IRQ: #1
=== Systeme interruptions PRET ===
IRQ0 (timer): OK
IRQ1 (keyboard): OK
QEMU devrait maintenant generer les interruptions clavier.
Initialisation de la gestion memoire...
Physical Memory Manager initialise.
Virtual Memory Manager initialise.
Initrd trouve ! Initialisation...
Parsing initrd TAR archive...
Initrd initialized: 10 files found
Initialisation du systeme de taches...
Tache kernel creee.
Initialisation des appels systeme...
Creation des taches kernel de demonstration... DESACTIVE
Mode mono-tache pour stabilite maximale.
PHASE 2: Timer reactive pour interruptions clavier...
Timer reactive - Interruptions clavier fonctionnelles.
Lancement du shell interactif AI-OS...
Shell trouve ! Chargement...
Shell trouve. Preparation du lancement...

Lancement du Shell Utilisateur...
create_user_vmm_directory: start
ELF Loader: Starting...
  - Segment: vaddr=0x0x3ffff000, memsz=0x0x000000f4, perms=R-
  - Segment: vaddr=0x0x40000000, memsz=0x0x00002b53, perms=R-
  - Segment: vaddr=0x0x40003000, memsz=0x0x00002184, perms=R-
  - Segment: vaddr=0x0x40006ff4, memsz=0x0x0000000c, perms=RW
ELF loading complete. Entry point: 0x0x40002b22
Allocating user stack...
User stack allocated at 0x0xafff0000 - 0x0xb0000000
User context setup complete. EIP=0x0x40002b22, ESP=0x0xb0000000
Tache utilisateur creee avec succes
Tache shell prete. Demarrage du timer...

=== AI-OS v6.0 - Force le premier changement de contexte ===
Declencher immediatement le planificateur...
[SCHED] switching to task 1
[2J[H[36m═══════════════════════════════════════════════════════════
[0m[1m    🤖 AI-OS v6.0 - Intelligence Artificielle Intégrée
[0m[36m═══════════════════════════════════════════════════════════
[0m[32m💻 Shell Avancé[0m | [35m🧠 IA Intelligente[0m | [33m⚡ Haute Performance
[0m
[34m[INFO] [0mTapez 'help' pour voir toutes les commandes disponibles
[34m[INFO] [0mMode IA activé - Posez vos questions directement !

[36m🚀 Initialisation du Shell IA...[0m... [32mTERMINÉ !

[0m[32m[OK] [0mShell AI-OS v6.0 prêt à l'utilisation
[34m[INFO] [0mMode IA activé - Intelligence artificielle intégrée
[34m[INFO] [0mTapez 'help' pour découvrir toutes les fonctionnalités

[1m/[0m (-.-) : SYS_GETS: Debut de la lecture (version corrigee)...
GETC: start (call #1)
GETC: waiting... (2)
